Namespace(BATCH=50, DATATYPE='iwslt', DECLR=5.0, DEC_N_LAYER=1, DROP_RATE=0.2, EMBED=256, EMPTY_CUDA_MEMORY=True, ENC_N_LAYER=3, HIDDEN=512, LAMBDA=1e-05, LOAD_DEC_PATH='./saved_models/iswlt.dec', LOAD_ENC_PATH='./saved_models/iswlt.enc', LOAD_MODEL=True, LR=0.0001, L_NORM=True, MAX_LEN=30, METHOD='general', MIN_FREQ=2, NO_VALID=False, OPTIM='adam', PRINT_EVERY=5, RETURN_W=False, ROOTPATH='../data/', SAVE_BEST=True, SAVE_DEC_PATH='./saved_models/iswlt_continue.dec', SAVE_ENC_PATH='./saved_models/iswlt_continue.enc', SAVE_MODEL=True, STEP=30, TF=True, THRES=5, USE_CUDA=True)
Source Language: 40781 words, Target Language: 26320 words
Training Examples: 160477, Validation Examples: 776
Building Model ...
Load complete!
----------------------------------------
 > [0/3210] train_loss 2.4438
 > [642/3210] train_loss 2.0104
 > [1284/3210] train_loss 2.8772
 > [1926/3210] train_loss 2.3256
 > [2568/3210] train_loss 2.0710
[1/30] (train) loss 2.3545 | (valid) loss 5.6575 

****** model saved updated! ******
 > [0/3210] train_loss 2.1373
 > [642/3210] train_loss 2.6273
 > [1284/3210] train_loss 2.4616
 > [1926/3210] train_loss 1.8367
 > [2568/3210] train_loss 2.0634
[2/30] (train) loss 2.1066 | (valid) loss 5.7528 

 > [0/3210] train_loss 2.1006
 > [642/3210] train_loss 1.6001
 > [1284/3210] train_loss 2.4646
 > [1926/3210] train_loss 1.3512
 > [2568/3210] train_loss 1.1134
[3/30] (train) loss 1.9209 | (valid) loss 5.8021 

 > [0/3210] train_loss 1.3516
 > [642/3210] train_loss 2.0073
 > [1284/3210] train_loss 1.6229
 > [1926/3210] train_loss 1.3116
 > [2568/3210] train_loss 2.1300
[4/30] (train) loss 1.7664 | (valid) loss 5.9076 

 > [0/3210] train_loss 1.5700
 > [642/3210] train_loss 1.8039
 > [1284/3210] train_loss 1.2722
 > [1926/3210] train_loss 2.2950
 > [2568/3210] train_loss 1.2818
[5/30] (train) loss 1.6277 | (valid) loss 6.0205 

 > [0/3210] train_loss 1.3539
 > [642/3210] train_loss 1.2601
 > [1284/3210] train_loss 1.2875
 > [1926/3210] train_loss 2.1212
 > [2568/3210] train_loss 2.0904
[6/30] (train) loss 1.5042 | (valid) loss 6.1602 

 > [0/3210] train_loss 1.6272
 > [642/3210] train_loss 1.0774
 > [1284/3210] train_loss 1.9299
 > [1926/3210] train_loss 0.9595
 > [2568/3210] train_loss 1.6147
[7/30] (train) loss 1.3964 | (valid) loss 6.2681 

****** early break!! ******

Training Excution time with validation: 2 h 58 m 18.8073 s
